<?xml version="1.0" encoding="UTF-8"?>
<!-- Generated by org.testng.reporters.JUnitXMLReporter -->
<testsuite ignored="0" hostname="VTNDLT050" failures="1" tests="5" name="Default test" time="45.77" errors="0" timestamp="2021-07-23T14:45:32 IST">
  <testcase classname="com.AAE.TestCases.GmailActivities" name="loginTest" time="14.548"/>
  <testcase classname="com.AAE.TestCases.GmailActivities" name="getNumberOfTotalMailsTest" time="2.845"/>
  <testcase classname="com.AAE.TestCases.GmailActivities" name="getMailSenderNameTest" time="0.137"/>
  <testcase classname="com.AAE.TestCases.GmailActivities" name="composeMailTest" time="4.929">
    <failure type="org.openqa.selenium.ElementNotInteractableException" message="Element &amp;lt;textarea id=&amp;quot;:a2&amp;quot; class=&amp;quot;vO&amp;quot; name=&amp;quot;to&amp;quot;&amp;gt; is not reachable by keyboard
Build info: version: &amp;apos;4.0.0-beta-4&amp;apos;, revision: &amp;apos;29f46d02dd&amp;apos;
System info: host: &amp;apos;VTNDLT050&amp;apos;, ip: &amp;apos;172.31.32.1&amp;apos;, os.name: &amp;apos;Windows 10&amp;apos;, os.arch: &amp;apos;amd64&amp;apos;, os.version: &amp;apos;10.0&amp;apos;, java.version: &amp;apos;16.0.1&amp;apos;
Driver info: org.openqa.selenium.firefox.FirefoxDriver
Command: [c723c243-64f1-406d-9ed3-83b73b2660f7, sendKeysToElement {id=7f7b2d22-b055-4c03-89b0-57a9b821536b, value=[Ljava.lang.CharSequence;@6f231ced}]
Capabilities {acceptInsecureCerts: true, browserName: firefox, browserVersion: 90.0, javascriptEnabled: true, moz:accessibilityChecks: false, moz:buildID: 20210705185941, moz:debuggerAddress: localhost:53146, moz:geckodriverVersion: 0.29.0, moz:headless: false, moz:processID: 8564, moz:profile: C:\Users\Raushan\AppData\Lo..., moz:shutdownTimeout: 60000, moz:useNonSpecCompliantPointerOrigin: false, moz:webdriverClick: true, pageLoadStrategy: normal, platform: WINDOWS, platformName: WINDOWS, platformVersion: 10.0, proxy: Proxy(), se:cdp: ws://localhost:53146/devtoo..., se:cdpVersion: 85, setWindowRect: true, strictFileInteractability: false, timeouts: {implicit: 0, pageLoad: 300000, script: 30000}, unhandledPromptBehavior: dismiss and notify}
Element: [[FirefoxDriver: firefox on WINDOWS (c723c243-64f1-406d-9ed3-83b73b2660f7)] -&amp;gt; xpath: //table[@class=&amp;apos;GS&amp;apos;]//textarea[@name=&amp;apos;to&amp;apos;]]
Session ID: c723c243-64f1-406d-9ed3-83b73b2660f7">
      <![CDATA[org.openqa.selenium.ElementNotInteractableException: Element <textarea id=":a2" class="vO" name="to"> is not reachable by keyboard
Build info: version: '4.0.0-beta-4', revision: '29f46d02dd'
System info: host: 'VTNDLT050', ip: '172.31.32.1', os.name: 'Windows 10', os.arch: 'amd64', os.version: '10.0', java.version: '16.0.1'
Driver info: org.openqa.selenium.firefox.FirefoxDriver
Command: [c723c243-64f1-406d-9ed3-83b73b2660f7, sendKeysToElement {id=7f7b2d22-b055-4c03-89b0-57a9b821536b, value=[Ljava.lang.CharSequence;@6f231ced}]
Capabilities {acceptInsecureCerts: true, browserName: firefox, browserVersion: 90.0, javascriptEnabled: true, moz:accessibilityChecks: false, moz:buildID: 20210705185941, moz:debuggerAddress: localhost:53146, moz:geckodriverVersion: 0.29.0, moz:headless: false, moz:processID: 8564, moz:profile: C:\Users\Raushan\AppData\Lo..., moz:shutdownTimeout: 60000, moz:useNonSpecCompliantPointerOrigin: false, moz:webdriverClick: true, pageLoadStrategy: normal, platform: WINDOWS, platformName: WINDOWS, platformVersion: 10.0, proxy: Proxy(), se:cdp: ws://localhost:53146/devtoo..., se:cdpVersion: 85, setWindowRect: true, strictFileInteractability: false, timeouts: {implicit: 0, pageLoad: 300000, script: 30000}, unhandledPromptBehavior: dismiss and notify}
Element: [[FirefoxDriver: firefox on WINDOWS (c723c243-64f1-406d-9ed3-83b73b2660f7)] -> xpath: //table[@class='GS']//textarea[@name='to']]
Session ID: c723c243-64f1-406d-9ed3-83b73b2660f7
at java.base/jdk.internal.reflect.NativeConstructorAccessorImpl.newInstance0(Native Method)
at java.base/jdk.internal.reflect.NativeConstructorAccessorImpl.newInstance(NativeConstructorAccessorImpl.java:78)
at java.base/jdk.internal.reflect.DelegatingConstructorAccessorImpl.newInstance(DelegatingConstructorAccessorImpl.java:45)
at java.base/java.lang.reflect.Constructor.newInstanceWithCaller(Constructor.java:499)
at java.base/java.lang.reflect.Constructor.newInstance(Constructor.java:480)
at org.openqa.selenium.remote.codec.w3c.W3CHttpResponseCodec.createException(W3CHttpResponseCodec.java:200)
at org.openqa.selenium.remote.codec.w3c.W3CHttpResponseCodec.decode(W3CHttpResponseCodec.java:133)
at org.openqa.selenium.remote.codec.w3c.W3CHttpResponseCodec.decode(W3CHttpResponseCodec.java:53)
at org.openqa.selenium.remote.HttpCommandExecutor.execute(HttpCommandExecutor.java:184)
at org.openqa.selenium.remote.service.DriverCommandExecutor.invokeExecute(DriverCommandExecutor.java:162)
at org.openqa.selenium.remote.service.DriverCommandExecutor.execute(DriverCommandExecutor.java:137)
at org.openqa.selenium.remote.RemoteWebDriver.execute(RemoteWebDriver.java:612)
at org.openqa.selenium.remote.RemoteWebElement.execute(RemoteWebElement.java:235)
at org.openqa.selenium.remote.RemoteWebElement.sendKeys(RemoteWebElement.java:103)
at com.AAE.Pages.ComposeMail.composeMail(ComposeMail.java:69)
at com.AAE.TestCases.GmailActivities.composeMailTest(GmailActivities.java:167)
at java.base/jdk.internal.reflect.NativeMethodAccessorImpl.invoke0(Native Method)
at java.base/jdk.internal.reflect.NativeMethodAccessorImpl.invoke(NativeMethodAccessorImpl.java:78)
at java.base/jdk.internal.reflect.DelegatingMethodAccessorImpl.invoke(DelegatingMethodAccessorImpl.java:43)
at java.base/java.lang.reflect.Method.invoke(Method.java:567)
at org.testng.internal.MethodInvocationHelper.invokeMethod(MethodInvocationHelper.java:133)
at org.testng.internal.TestInvoker.invokeMethod(TestInvoker.java:598)
at org.testng.internal.TestInvoker.invokeTestMethod(TestInvoker.java:173)
at org.testng.internal.MethodRunner.runInSequence(MethodRunner.java:46)
at org.testng.internal.TestInvoker$MethodInvocationAgent.invoke(TestInvoker.java:824)
at org.testng.internal.TestInvoker.invokeTestMethods(TestInvoker.java:146)
at org.testng.internal.TestMethodWorker.invokeTestMethods(TestMethodWorker.java:146)
at org.testng.internal.TestMethodWorker.run(TestMethodWorker.java:128)
at java.base/java.util.ArrayList.forEach(ArrayList.java:1511)
at org.testng.TestRunner.privateRun(TestRunner.java:794)
at org.testng.TestRunner.run(TestRunner.java:596)
at org.testng.SuiteRunner.runTest(SuiteRunner.java:377)
at org.testng.SuiteRunner.runSequentially(SuiteRunner.java:371)
at org.testng.SuiteRunner.privateRun(SuiteRunner.java:332)
at org.testng.SuiteRunner.run(SuiteRunner.java:276)
at org.testng.SuiteRunnerWorker.runSuite(SuiteRunnerWorker.java:53)
at org.testng.SuiteRunnerWorker.run(SuiteRunnerWorker.java:96)
at org.testng.TestNG.runSuitesSequentially(TestNG.java:1212)
at org.testng.TestNG.runSuitesLocally(TestNG.java:1134)
at org.testng.TestNG.runSuites(TestNG.java:1063)
at org.testng.TestNG.run(TestNG.java:1031)
at org.testng.remote.AbstractRemoteTestNG.run(AbstractRemoteTestNG.java:115)
at org.testng.remote.RemoteTestNG.initAndRun(RemoteTestNG.java:251)
at org.testng.remote.RemoteTestNG.main(RemoteTestNG.java:77)
]]>
    </failure>
  </testcase> <!-- composeMailTest -->
  <testcase classname="com.AAE.TestCases.GmailActivities" name="logoutFromAccountTest" time="9.746"/>
</testsuite> <!-- Default test -->
